;
; ษอออออออออออออออออออออออออออออออออออออออออออออออออออออออออออออออออออออออออป
; บ     This file is generated by The Interactive Disassembler (IDA)        บ
; บ     Copyright (c) 2001 by DataRescue sa/nv, <ida@datarescue.com>        บ
; บ                Licensed to: Kris Kaspersky, 1 user, std                 บ
; ศอออออออออออออออออออออออออออออออออออออออออออออออออออออออออออออออออออออออออผ
;
.text:100021B0 ; Exported entry	 23. RawScrambleSectors
.text:100021B0 scrambling group of sectors
.text:100021B0 
.text:100021B0 ;  S U B R O U T I N E 
.text:100021B0 
.text:100021B0 
.text:100021B0		       public RawScrambleSectors
.text:100021B0 RawScrambleSectors proc near
.text:100021B0 
.text:100021B0 arg_raw_sec     = dword ptr  8	       ; &RAW_SECTOR
.text:100021B0 arg_N_SEC       = dword ptr  0Ch	       ; N_SEC
.text:100021B0 arg_raw_size    = dword ptr  10h	       ; RAW_SECTOR_SIZE
.text:100021B0 
.text:100021B0		       push    ebx
.text:100021B1		       mov     ebx, [esp+arg_N_SEC]
.text:100021B5		       test    ebx, ebx
.text:100021B7		       jbe     short loc_100021D9 ; -->	nothing to scramble?!
.text:100021B9		       push    esi
.text:100021BA		       mov     esi, [esp+4+arg_raw_sec]
.text:100021BE		       push    edi
.text:100021BF		       mov     edi, [esp+8+arg_raw_size]
.text:100021C3		       and     edi, 0FFFFh
.text:100021C9 
.text:100021C9 loc_100021C9:			       ; CODE XREF: RawScrambleSectors+25j
.text:100021C9		       push    esi
.text:100021CA		       call    RawScrambleSector
.text:100021CF		       add     esp, 4
.text:100021D2		       add     esi, edi
.text:100021D4		       dec     ebx
.text:100021D5		       jnz     short loc_100021C9
.text:100021D7		       pop     edi
.text:100021D8		       pop     esi
.text:100021D9 
.text:100021D9 loc_100021D9:			       ; CODE XREF: RawScrambleSectors+7j
.text:100021D9		       pop     ebx
.text:100021DA		       retn
.text:100021DA RawScrambleSectors endp
.text:100021DA 
.text:100021DA ; ฤฤฤฤฤฤฤฤฤฤฤฤฤฤฤฤฤฤฤฤฤฤฤฤฤฤฤฤฤฤฤฤฤฤฤฤฤฤฤฤฤฤฤฤฤฤฤฤฤฤฤฤฤฤฤฤฤฤฤฤฤฤฤฤฤฤฤฤฤฤฤฤฤฤฤ
