96.06.03 12:15 B A:\SRC\tiles\F8_1.gif <-- math /c/ztfeng/MJ/tiles F8_1.gif
96.06.03 12:15 B A:\SRC\tiles\F8_2.gif <-- math /c/ztfeng/MJ/tiles F8_2.gif
96.06.03 12:16 B A:\SRC\tiles\F8_3.gif <-- math /c/ztfeng/MJ/tiles F8_3.gif
96.06.03 12:16 B A:\SRC\tiles\F8_4.gif <-- math /c/ztfeng/MJ/tiles F8_4.gif
96.06.03 12:16 B A:\SRC\tiles\F8_5.gif <-- math /c/ztfeng/MJ/tiles F8_5.gif
96.06.03 12:16 B A:\SRC\tiles\F8_6.gif <-- math /c/ztfeng/MJ/tiles F8_6.gif
96.06.03 12:16 B A:\SRC\tiles\F8_7.gif <-- math /c/ztfeng/MJ/tiles F8_7.gif
96.06.03 12:16 B A:\SRC\tiles\F8_8.gif <-- math /c/ztfeng/MJ/tiles F8_8.gif
96.06.03 12:16 B A:\SRC\tiles\FI_1.gif <-- math /c/ztfeng/MJ/tiles FI_1.gif
96.06.03 12:16 B A:\SRC\tiles\FI_2.gif <-- math /c/ztfeng/MJ/tiles FI_2.gif
96.06.03 12:16 B A:\SRC\tiles\FI_3.gif <-- math /c/ztfeng/MJ/tiles FI_3.gif
96.06.03 12:16 B A:\SRC\tiles\FI_4.gif <-- math /c/ztfeng/MJ/tiles FI_4.gif
96.06.03 12:16 B A:\SRC\tiles\FI_5.gif <-- math /c/ztfeng/MJ/tiles FI_5.gif
96.06.03 12:16 B A:\SRC\tiles\FI_6.gif <-- math /c/ztfeng/MJ/tiles FI_6.gif
96.06.03 12:16 B A:\SRC\tiles\FI_7.gif <-- math /c/ztfeng/MJ/tiles FI_7.gif
96.06.03 12:16 B A:\SRC\tiles\FI_8.gif <-- math /c/ztfeng/MJ/tiles FI_8.gif
96.06.03 12:16 B A:\SRC\tiles\MJ_tiles.tar.gz <-- math /c/ztfeng/MJ/tiles MJ_tiles.tar.gz
96.06.03 12:16 B A:\SRC\tiles\RF_1.gif <-- math /c/ztfeng/MJ/tiles RF_1.gif
96.06.03 12:16 B A:\SRC\tiles\RF_2.gif <-- math /c/ztfeng/MJ/tiles RF_2.gif
96.06.03 12:17 B A:\SRC\tiles\RF_3.gif <-- math /c/ztfeng/MJ/tiles RF_3.gif
96.06.03 12:17 B A:\SRC\tiles\RF_4.gif <-- math /c/ztfeng/MJ/tiles RF_4.gif
96.06.03 12:17 B A:\SRC\tiles\RF_5.gif <-- math /c/ztfeng/MJ/tiles RF_5.gif
96.06.03 12:17 B A:\SRC\tiles\RF_6.gif <-- math /c/ztfeng/MJ/tiles RF_6.gif
96.06.03 12:17 B A:\SRC\tiles\RF_7.gif <-- math /c/ztfeng/MJ/tiles RF_7.gif
96.06.03 12:17 B A:\SRC\tiles\RF_8.gif <-- math /c/ztfeng/MJ/tiles RF_8.gif
96.06.03 12:17 B A:\SRC\tiles\T0.gif <-- math /c/ztfeng/MJ/tiles T0.gif
96.06.03 12:17 B A:\SRC\tiles\T0.xpm <-- math /c/ztfeng/MJ/tiles T0.xpm
96.06.03 12:17 B A:\SRC\tiles\T1.gif <-- math /c/ztfeng/MJ/tiles T1.gif
96.06.03 12:17 B A:\SRC\tiles\T10.gif <-- math /c/ztfeng/MJ/tiles T10.gif
96.06.03 12:17 B A:\SRC\tiles\T11.gif <-- math /c/ztfeng/MJ/tiles T11.gif
96.06.03 12:17 B A:\SRC\tiles\T12.gif <-- math /c/ztfeng/MJ/tiles T12.gif
96.06.03 12:17 B A:\SRC\tiles\T13.gif <-- math /c/ztfeng/MJ/tiles T13.gif
96.06.03 12:17 B A:\SRC\tiles\T14.gif <-- math /c/ztfeng/MJ/tiles T14.gif
96.06.03 12:17 B A:\SRC\tiles\T15.gif <-- math /c/ztfeng/MJ/tiles T15.gif
96.06.03 12:18 B A:\SRC\tiles\T16.gif <-- math /c/ztfeng/MJ/tiles T16.gif
96.06.03 12:18 B A:\SRC\tiles\T17.gif <-- math /c/ztfeng/MJ/tiles T17.gif
96.06.03 12:18 B A:\SRC\tiles\T18.gif <-- math /c/ztfeng/MJ/tiles T18.gif
96.06.03 12:18 B A:\SRC\tiles\T19.gif <-- math /c/ztfeng/MJ/tiles T19.gif
96.06.03 12:18 B A:\SRC\tiles\T2.gif <-- math /c/ztfeng/MJ/tiles T2.gif
96.06.03 12:18 B A:\SRC\tiles\T20.gif <-- math /c/ztfeng/MJ/tiles T20.gif
96.06.03 12:18 B A:\SRC\tiles\T21.gif <-- math /c/ztfeng/MJ/tiles T21.gif
96.06.03 12:18 B A:\SRC\tiles\T22.gif <-- math /c/ztfeng/MJ/tiles T22.gif
96.06.03 12:18 B A:\SRC\tiles\T23.gif <-- math /c/ztfeng/MJ/tiles T23.gif
96.06.03 12:18 B A:\SRC\tiles\T24.gif <-- math /c/ztfeng/MJ/tiles T24.gif
96.06.03 12:18 B A:\SRC\tiles\T25.gif <-- math /c/ztfeng/MJ/tiles T25.gif
96.06.03 12:18 B A:\SRC\tiles\T26.gif <-- math /c/ztfeng/MJ/tiles T26.gif
96.06.03 12:18 B A:\SRC\tiles\T27.gif <-- math /c/ztfeng/MJ/tiles T27.gif
96.06.03 12:18 B A:\SRC\tiles\T28.gif <-- math /c/ztfeng/MJ/tiles T28.gif
96.06.03 12:18 B A:\SRC\tiles\T29.gif <-- math /c/ztfeng/MJ/tiles T29.gif
96.06.03 12:19 B A:\SRC\tiles\T3.gif <-- math /c/ztfeng/MJ/tiles T3.gif
96.06.03 12:19 B A:\SRC\tiles\T30.gif <-- math /c/ztfeng/MJ/tiles T30.gif
96.06.03 12:19 B A:\SRC\tiles\T31.gif <-- math /c/ztfeng/MJ/tiles T31.gif
96.06.03 12:19 B A:\SRC\tiles\T32.gif <-- math /c/ztfeng/MJ/tiles T32.gif
96.06.03 12:19 B A:\SRC\tiles\T33.gif <-- math /c/ztfeng/MJ/tiles T33.gif
96.06.03 12:19 B A:\SRC\tiles\T34.gif <-- math /c/ztfeng/MJ/tiles T34.gif
96.06.03 12:19 B A:\SRC\tiles\T4.gif <-- math /c/ztfeng/MJ/tiles T4.gif
96.06.03 12:19 B A:\SRC\tiles\T5.gif <-- math /c/ztfeng/MJ/tiles T5.gif
96.06.03 12:19 B A:\SRC\tiles\T6.gif <-- math /c/ztfeng/MJ/tiles T6.gif
96.06.03 12:19 B A:\SRC\tiles\T7.gif <-- math /c/ztfeng/MJ/tiles T7.gif
96.06.03 12:19 B A:\SRC\tiles\T8.gif <-- math /c/ztfeng/MJ/tiles T8.gif
96.06.03 12:19 B A:\SRC\tiles\T9.gif <-- math /c/ztfeng/MJ/tiles T9.gif
