96.06.03 12:13 B A:\SRC\server\FullServerException.class <-- math /c/ztfeng/MJ/server FullServerException.class
96.06.03 12:13 B A:\SRC\server\HandStat.class <-- math /c/ztfeng/MJ/server HandStat.class
96.06.03 12:13 B A:\SRC\server\HandStat.java <-- math /c/ztfeng/MJ/server HandStat.java
96.06.03 12:13 B A:\SRC\server\MJContext.class <-- math /c/ztfeng/MJ/server MJContext.class
96.06.03 12:13 B A:\SRC\server\MJStat.class <-- math /c/ztfeng/MJ/server MJStat.class
96.06.03 12:13 B A:\SRC\server\Player.class <-- math /c/ztfeng/MJ/server Player.class
96.06.03 12:13 B A:\SRC\server\Player.java <-- math /c/ztfeng/MJ/server Player.java
96.06.03 12:13 B A:\SRC\server\PlayerOutput.class <-- math /c/ztfeng/MJ/server PlayerOutput.class
96.06.03 12:13 B A:\SRC\server\PlayerRecord.class <-- math /c/ztfeng/MJ/server PlayerRecord.class
96.06.03 12:14 B A:\SRC\server\PlayerRecord.java <-- math /c/ztfeng/MJ/server PlayerRecord.java
96.06.03 12:14 B A:\SRC\server\Reformat.class <-- math /c/ztfeng/MJ/server Reformat.class
96.06.03 12:14 B A:\SRC\server\Reformat.java <-- math /c/ztfeng/MJ/server Reformat.java
96.06.03 12:14 B A:\SRC\server\Scores.class <-- math /c/ztfeng/MJ/server Scores.class
96.06.03 12:14 B A:\SRC\server\Scores.java <-- math /c/ztfeng/MJ/server Scores.java
96.06.03 12:14 B A:\SRC\server\Server.class <-- math /c/ztfeng/MJ/server Server.class
96.06.03 12:14 B A:\SRC\server\Server.java <-- math /c/ztfeng/MJ/server Server.java
96.06.03 12:14 B A:\SRC\server\Stockpile.class <-- math /c/ztfeng/MJ/server Stockpile.class
96.06.03 12:14 B A:\SRC\server\Stockpile.java <-- math /c/ztfeng/MJ/server Stockpile.java
96.06.03 12:14 B A:\SRC\server\Table.class <-- math /c/ztfeng/MJ/server Table.class
96.06.03 12:14 B A:\SRC\server\Table.java <-- math /c/ztfeng/MJ/server Table.java
96.06.03 12:14 B A:\SRC\server\WatchDog.class <-- math /c/ztfeng/MJ/server WatchDog.class
96.06.03 12:14 B A:\SRC\server\WatchDog.java <-- math /c/ztfeng/MJ/server WatchDog.java
