NVResourceManager: Added: 0 'Sun' (Texture)
NVResourceManager: Added: 1 'LensFlare1' (Texture)
NVResourceManager: Added: 2 'LensFlare2' (Texture)
NVResourceManager: Added: 3 'LensFlare3' (Texture)
NVResourceManager: Added: 4 'LensFlare4' (Texture)
NVResourceManager: Added: 5 'LensFlare5' (Texture)
NVResourceManager: Added: 6 'SunMap' (Texture)
NVResourceManager: Added: 7 'IntensityMap' (Texture)
NVResourceManager: Added: 8 'bark' (Texture)
NVResourceManager: Added: 9 'leaf' (Texture)
NVResourceManager: Added: 10 'leaf_front' (Material)
NVResourceManager: Added: 11 'leaf_back' (Material)
NVResourceManager: Added: 12 'branch_material' (Material)
NVResourceManager: Invoked  'leaf' (Texture)
NVResourceManager: Invoked  'bark' (Texture)
NVResourceManager: Added: 13 'floor' (Texture)
NVResourceManager: Invoked  'floor' (Texture)
NVResourceManager: Invoked  'Sun' (Texture)
NVResourceManager: Invoked  'SunMap' (Texture)
NVResourceManager: Invoked  'IntensityMap' (Texture)
NVResourceManager: Invoked  'LensFlare3' (Texture)
NVResourceManager: Invoked  'LensFlare2' (Texture)
NVResourceManager: Invoked  'LensFlare1' (Texture)
NVResourceManager: Invoked  'LensFlare5' (Texture)
NVResourceManager: DisposeDeviceObjects
NVResourceManager: Disposed  'SunMap' (Texture)
NVResourceManager: Disposed  'IntensityMap' (Texture)
NVResourceManager: 14 resources left
NVResourceManager: DestroyResources: 
NVResourceManager: Removed: 0 'Sun' (Texture)
NVResourceManager: Removed: 1 'LensFlare1' (Texture)
NVResourceManager: Removed: 2 'LensFlare2' (Texture)
NVResourceManager: Removed: 3 'LensFlare3' (Texture)
NVResourceManager: Removed: 4 'LensFlare4' (Texture)
NVResourceManager: Removed: 5 'LensFlare5' (Texture)
NVResourceManager: Removed: 6 'SunMap' (Texture)
NVResourceManager: Removed: 7 'IntensityMap' (Texture)
NVResourceManager: Removed: 8 'bark' (Texture)
NVResourceManager: Removed: 9 'leaf' (Texture)
NVResourceManager: Removed: 10 'leaf_front' (Material)
NVResourceManager: Removed: 11 'leaf_back' (Material)
NVResourceManager: Removed: 12 'branch_material' (Material)
NVResourceManager: Removed: 13 'floor' (Texture)
