96.06.03 12:06 B A:\SRC\client\CPlayer.class <-- math /c/ztfeng/MJ/client CPlayer.class
96.06.03 12:06 B A:\SRC\client\CPlayer.java <-- math /c/ztfeng/MJ/client CPlayer.java
96.06.03 12:06 B A:\SRC\client\CTable.class <-- math /c/ztfeng/MJ/client CTable.class
96.06.03 12:06 B A:\SRC\client\CTable.java <-- math /c/ztfeng/MJ/client CTable.java
96.06.03 12:06 B A:\SRC\client\ChangePasswd.class <-- math /c/ztfeng/MJ/client ChangePasswd.class
96.06.03 12:07 B A:\SRC\client\ChangePasswd.java <-- math /c/ztfeng/MJ/client ChangePasswd.java
96.06.03 12:07 B A:\SRC\client\Client.class <-- math /c/ztfeng/MJ/client Client.class
96.06.03 12:07 B A:\SRC\client\Client.java <-- math /c/ztfeng/MJ/client Client.java
96.06.03 12:07 B A:\SRC\client\Desktop.class <-- math /c/ztfeng/MJ/client Desktop.class
96.06.03 12:07 B A:\SRC\client\Desktop.java <-- math /c/ztfeng/MJ/client Desktop.java
96.06.03 12:07 B A:\SRC\client\FingerPlayer.class <-- math /c/ztfeng/MJ/client FingerPlayer.class
96.06.03 12:07 B A:\SRC\client\FingerPlayer.java <-- math /c/ztfeng/MJ/client FingerPlayer.java
96.06.03 12:07 B A:\SRC\client\FontManager.class <-- math /c/ztfeng/MJ/client FontManager.class
96.06.03 12:07 B A:\SRC\client\FontManager.java <-- math /c/ztfeng/MJ/client FontManager.java
96.06.03 12:07 B A:\SRC\client\Greeting.class <-- math /c/ztfeng/MJ/client Greeting.class
96.06.03 12:07 B A:\SRC\client\Greeting.java <-- math /c/ztfeng/MJ/client Greeting.java
96.06.03 12:07 B A:\SRC\client\JoinTable.class <-- math /c/ztfeng/MJ/client JoinTable.class
96.06.03 12:07 B A:\SRC\client\JoinTable.java <-- math /c/ztfeng/MJ/client JoinTable.java
96.06.03 12:07 B A:\SRC\client\Login.class <-- math /c/ztfeng/MJ/client Login.class
96.06.03 12:07 B A:\SRC\client\Login.java <-- math /c/ztfeng/MJ/client Login.java
96.06.03 12:07 B A:\SRC\client\Notifier.class <-- math /c/ztfeng/MJ/client Notifier.class
96.06.03 12:08 B A:\SRC\client\Notifier.java <-- math /c/ztfeng/MJ/client Notifier.java
96.06.03 12:08 B A:\SRC\client\Padding.class <-- math /c/ztfeng/MJ/client Padding.class
96.06.03 12:08 B A:\SRC\client\Padding.java <-- math /c/ztfeng/MJ/client Padding.java
96.06.03 12:08 B A:\SRC\client\ScrolledList.class <-- math /c/ztfeng/MJ/client ScrolledList.class
96.06.03 12:08 B A:\SRC\client\ScrolledList.java <-- math /c/ztfeng/MJ/client ScrolledList.java
96.06.03 12:08 B A:\SRC\client\SendPing.class <-- math /c/ztfeng/MJ/client SendPing.class
96.06.03 12:08 B A:\SRC\client\SendPing.java <-- math /c/ztfeng/MJ/client SendPing.java
96.06.03 12:08 B A:\SRC\client\SetGeometry.class <-- math /c/ztfeng/MJ/client SetGeometry.class
96.06.03 12:08 B A:\SRC\client\SetGeometry.java <-- math /c/ztfeng/MJ/client SetGeometry.java
96.06.03 12:08 B A:\SRC\client\SimpleList.class <-- math /c/ztfeng/MJ/client SimpleList.class
96.06.03 12:08 B A:\SRC\client\SimpleList.java <-- math /c/ztfeng/MJ/client SimpleList.java
96.06.03 12:08 B A:\SRC\client\TableInfo.class <-- math /c/ztfeng/MJ/client TableInfo.class
96.06.03 12:08 B A:\SRC\client\TableInfo.java <-- math /c/ztfeng/MJ/client TableInfo.java
96.06.03 12:08 B A:\SRC\client\TextPanel.class <-- math /c/ztfeng/MJ/client TextPanel.class
96.06.03 12:08 B A:\SRC\client\TextPanel.java <-- math /c/ztfeng/MJ/client TextPanel.java
96.06.03 12:08 B A:\SRC\client\TilePool.class <-- math /c/ztfeng/MJ/client TilePool.class
96.06.03 12:08 B A:\SRC\client\TilePool.java <-- math /c/ztfeng/MJ/client TilePool.java
96.06.03 12:08 B A:\SRC\client\TileWindow.class <-- math /c/ztfeng/MJ/client TileWindow.class
96.06.03 12:09 B A:\SRC\client\TileWindow.java <-- math /c/ztfeng/MJ/client TileWindow.java
